mktextfm ecrm1000
mktextfm ptmr8t
mktextfm ptmr8t
mktextfm ptmb8t
mktextfm nullfont
mktextfm ptmr8t
mktextfm ptmb8t
mktextfm nullfont
mktextfm phvr8t
mktextfm ptmr8t
mktextfm ptmr8c
mktextfm phvr8t
mktextfm ptmro8t
mktextfm ptmr8t
mktextfm ptmb8t
mktextfm nullfont
mktextfm pcrb8t
mktextfm nullfont
mktextfm pcrr8t
mktextfm ptmri8t
mktextfm ptmb8t
mktextfm nullfont
mktextfm ptmr8t
mktextfm pcrr8t
mktextfm pcrr8c
mktextfm ecrm1000
mktextfm ptmr8t
mktextfm ptmr8t
mktextfm ptmb8t
mktextfm nullfont
mktextfm ptmr8t
mktextfm ptmb8t
mktextfm nullfont
mktextfm phvr8t
mktextfm ptmr8t
mktextfm ptmr8c
mktextfm phvr8t
mktextfm ptmro8t
mktextfm ptmr8t
mktextfm ptmb8t
mktextfm nullfont
mktextfm pcrb8t
mktextfm nullfont
mktextfm pcrr8t
mktextfm ptmri8t
mktextfm ptmb8t
mktextfm nullfont
mktextfm ptmr8t
mktextfm pcrr8t
mktextfm pcrr8c
